{"level":"error","message":"Could not get genres. Could not get genres.","stack":"Error: Could not get genres.\n    at /Users/adityasuraj/Desktop/node js/vidly/routes/genres.js:9:11\n    at newFn (/Users/adityasuraj/Desktop/node js/vidly/node_modules/express-async-errors/index.js:16:20)\n    at Layer.handle [as handle_request] (/Users/adityasuraj/Desktop/node js/vidly/node_modules/express/lib/router/layer.js:95:5)\n    at next (/Users/adityasuraj/Desktop/node js/vidly/node_modules/express/lib/router/route.js:137:13)\n    at Route.dispatch (/Users/adityasuraj/Desktop/node js/vidly/node_modules/express/lib/router/route.js:112:3)\n    at newFn (/Users/adityasuraj/Desktop/node js/vidly/node_modules/express-async-errors/index.js:16:20)\n    at Layer.handle [as handle_request] (/Users/adityasuraj/Desktop/node js/vidly/node_modules/express/lib/router/layer.js:95:5)\n    at /Users/adityasuraj/Desktop/node js/vidly/node_modules/express/lib/router/index.js:281:22\n    at Function.process_params (/Users/adityasuraj/Desktop/node js/vidly/node_modules/express/lib/router/index.js:335:12)\n    at next (/Users/adityasuraj/Desktop/node js/vidly/node_modules/express/lib/router/index.js:275:10)\n    at Function.handle (/Users/adityasuraj/Desktop/node js/vidly/node_modules/express/lib/router/index.js:174:3)\n    at router (/Users/adityasuraj/Desktop/node js/vidly/node_modules/express/lib/router/index.js:47:12)\n    at newFn (/Users/adityasuraj/Desktop/node js/vidly/node_modules/express-async-errors/index.js:16:20)\n    at Layer.handle [as handle_request] (/Users/adityasuraj/Desktop/node js/vidly/node_modules/express/lib/router/layer.js:95:5)\n    at trim_prefix (/Users/adityasuraj/Desktop/node js/vidly/node_modules/express/lib/router/index.js:317:13)\n    at /Users/adityasuraj/Desktop/node js/vidly/node_modules/express/lib/router/index.js:284:7"}
{"meta":{},"level":"error","message":"Could not get genres.","timestamp":"2021-04-20T07:26:11.904Z"}
{"meta":"Something failed in the startup","level":"error","timestamp":"2021-04-20T12:39:29.226Z"}
{"meta":{},"level":"error","message":"Cannot read property 'status' of undefined","timestamp":"2021-04-20T12:39:29.229Z"}
{"meta":{},"level":"error","message":"Something failed miserably!","timestamp":"2021-04-20T12:45:04.570Z"}
{"message":"Connected to MongoDB...","level":"info","timestamp":"2021-04-20T13:10:36.013Z"}
{"meta":{"message":"connect ECONNREFUSED 127.0.0.1:27017","reason":{"type":"Single","setName":null,"maxSetVersion":null,"maxElectionId":null,"servers":{},"stale":false,"compatible":true,"compatibilityError":null,"logicalSessionTimeoutMinutes":null,"heartbeatFrequencyMS":10000,"localThresholdMS":15,"commonWireVersion":null}},"level":"error","message":"connect ECONNREFUSED 127.0.0.1:27017","timestamp":"2021-04-20T13:12:07.931Z"}
{"message":"Listening on port 3000...","level":"info","timestamp":"2021-04-20T13:38:25.191Z"}
{"meta":{"message":"connect ECONNREFUSED 127.0.0.1:27017","reason":{"type":"Single","setName":null,"maxSetVersion":null,"maxElectionId":null,"servers":{},"stale":false,"compatible":true,"compatibilityError":null,"logicalSessionTimeoutMinutes":null,"heartbeatFrequencyMS":10000,"localThresholdMS":15,"commonWireVersion":null}},"level":"error","message":"connect ECONNREFUSED 127.0.0.1:27017","timestamp":"2021-04-20T13:38:55.186Z"}
{"message":"Listening on port 3000...","level":"info","timestamp":"2021-04-20T13:39:06.226Z"}
{"message":"Connected to MongoDB...","level":"info","timestamp":"2021-04-20T13:39:06.279Z"}
{"message":"Listening on port 3000...","level":"info","timestamp":"2021-04-29T09:47:05.490Z"}
{"message":"Connected to MongoDB...","level":"info","timestamp":"2021-04-29T09:47:05.557Z"}
{"message":"Listening on port 3000...","level":"info","timestamp":"2021-04-29T09:48:17.402Z"}
{"message":"Connected to mongodb://localhost/vidly...","level":"info","timestamp":"2021-04-29T09:48:17.429Z"}
{"message":"Listening on port 3000...","level":"info","timestamp":"2021-04-29T09:49:19.525Z"}
{"message":"Connected to mongodb://localhost/vidly...","level":"info","timestamp":"2021-04-29T09:49:19.560Z"}
{"message":"Listening on port 3000...","level":"info","timestamp":"2021-04-29T09:59:57.675Z"}
{"message":"Connected to mongodb://localhost/vidly...","level":"info","timestamp":"2021-04-29T09:59:57.715Z"}
{"message":"Listening on port 3000...","level":"info","timestamp":"2021-04-29T10:02:44.827Z"}
{"message":"Connected to mongodb://localhost/vidly...","level":"info","timestamp":"2021-04-29T10:02:44.876Z"}
{"message":"Listening on port 3000...","level":"info","timestamp":"2021-04-29T10:03:25.336Z"}
{"message":"Connected to mongodb://localhost/vidly...","level":"info","timestamp":"2021-04-29T10:03:25.374Z"}
{"message":"Listening on port 3000...","level":"info"}
{"message":"Connected to mongodb://localhost/vidly...","level":"info"}
{"message":"Listening on port 3000...","level":"info"}
{"message":"Connected to mongodb://localhost/vidly_tests...","level":"info"}
{"message":"Listening on port 3000...","level":"info"}
{"message":"Connected to mongodb://localhost/vidly_tests...","level":"info"}
{"message":"Listening on port 3000...","level":"info"}
{"message":"Connected to mongodb://localhost/vidly_tests...","level":"info"}
{"message":"Listening on port 3000...","level":"info"}
{"message":"Connected to mongodb://localhost/vidly_tests...","level":"info"}
{"message":"Listening on port 3000...","level":"info"}
{"message":"Connected to mongodb://localhost/vidly_tests...","level":"info"}
{"message":"Listening on port 3000...","level":"info"}
{"message":"Connected to mongodb://localhost/vidly_tests...","level":"info"}
{"message":"Listening on port 3000...","level":"info"}
{"message":"Connected to mongodb://localhost/vidly_tests...","level":"info"}
{"message":"Listening on port 3000...","level":"info"}
{"message":"Connected to mongodb://localhost/vidly_tests...","level":"info"}
{"message":"Listening on port 3000...","level":"info"}
{"message":"Connected to mongodb://localhost/vidly_tests...","level":"info"}
{"message":"Listening on port 3000...","level":"info"}
{"message":"Connected to mongodb://localhost/vidly_tests...","level":"info"}
{"message":"Listening on port 3000...","level":"info"}
{"message":"Connected to mongodb://localhost/vidly_tests...","level":"info"}
{"message":"Listening on port 3000...","level":"info"}
{"message":"Connected to mongodb://localhost/vidly_tests...","level":"info"}
{"meta":{},"level":"error","message":"Genre.findByID is not a function"}
{"message":"Listening on port 3000...","level":"info"}
{"message":"Connected to mongodb://localhost/vidly_tests...","level":"info"}
{"meta":{},"level":"error","message":"Genre.findByID is not a function"}
{"message":"Listening on port 3000...","level":"info"}
{"message":"Connected to mongodb://localhost/vidly_tests...","level":"info"}
{"meta":{},"level":"error","message":"Genre.findByID is not a function"}
{"message":"Listening on port 3000...","level":"info"}
{"message":"Connected to mongodb://localhost/vidly_tests...","level":"info"}
{"meta":{},"level":"error","message":"Genre.findByID is not a function"}
{"message":"Listening on port 3000...","level":"info"}
{"message":"Connected to mongodb://localhost/vidly_tests...","level":"info"}
{"meta":{},"level":"error","message":"Genre.findByID is not a function"}
{"message":"Listening on port 3000...","level":"info"}
{"message":"Connected to mongodb://localhost/vidly_tests...","level":"info"}
{"message":"Listening on port 3000...","level":"info"}
{"message":"Connected to mongodb://localhost/vidly_tests...","level":"info"}
{"message":"Listening on port 3000...","level":"info"}
{"message":"Connected to mongodb://localhost/vidly_tests...","level":"info"}
{"meta":{"stringValue":"\"1\"","kind":"ObjectId","value":"1","path":"_id","reason":{}},"level":"error","message":"Cast to ObjectId failed for value \"1\" at path \"_id\" for model \"Genre\""}
{"message":"Listening on port 3000...","level":"info"}
{"message":"Connected to mongodb://localhost/vidly_tests...","level":"info"}
{"meta":{},"level":"error","message":"Cannot read property 'isValid' of undefined"}
{"meta":{},"level":"error","message":"Cannot read property 'isValid' of undefined"}
{"message":"Listening on port 3000...","level":"info"}
{"message":"Connected to mongodb://localhost/vidly_tests...","level":"info"}
{"meta":{},"level":"error","message":"Cannot read property 'isValid' of undefined"}
{"meta":{},"level":"error","message":"Cannot read property 'isValid' of undefined"}
{"message":"Listening on port 3000...","level":"info"}
{"message":"Connected to mongodb://localhost/vidly_tests...","level":"info"}
{"message":"Listening on port 3000...","level":"info"}
{"message":"Connected to mongodb://localhost/vidly_tests...","level":"info"}
{"message":"Listening on port 3000...","level":"info"}
{"message":"Connected to mongodb://localhost/vidly_tests...","level":"info"}
{"message":"Listening on port 3000...","level":"info"}
{"message":"Connected to mongodb://localhost/vidly_tests...","level":"info"}
{"message":"Listening on port 3000...","level":"info"}
{"message":"Connected to mongodb://localhost/vidly_tests...","level":"info"}
{"message":"Listening on port 3000...","level":"info"}
{"message":"Connected to mongodb://localhost/vidly_tests...","level":"info"}
{"message":"Listening on port 3000...","level":"info"}
{"message":"Connected to mongodb://localhost/vidly_tests...","level":"info"}
{"meta":{"errors":{"name":{"name":"ValidatorError","message":"Path `name` (`1234`) is shorter than the minimum allowed length (5).","properties":{"message":"Path `name` (`1234`) is shorter than the minimum allowed length (5).","type":"minlength","minlength":5,"path":"name","value":"1234"},"kind":"minlength","path":"name","value":"1234"}},"_message":"Genre validation failed","name":"ValidationError","message":"Genre validation failed: name: Path `name` (`1234`) is shorter than the minimum allowed length (5)."},"level":"error","message":"Genre validation failed: name: Path `name` (`1234`) is shorter than the minimum allowed length (5)."}
{"message":"Listening on port 3000...","level":"info"}
{"message":"Connected to mongodb://localhost/vidly_tests...","level":"info"}
{"message":"Listening on port 3000...","level":"info"}
{"message":"Connected to mongodb://localhost/vidly_tests...","level":"info"}
{"message":"Listening on port 3000...","level":"info"}
{"message":"Connected to mongodb://localhost/vidly_tests...","level":"info"}
{"meta":{"errors":{"name":{"name":"ValidatorError","message":"Path `name` (`aaaaaaaaaaaaaaaaaaaaaaaaaaaaaaaaaaaaaaaaaaaaaaaaaaa`) is longer than the maximum allowed length (50).","properties":{"message":"Path `name` (`aaaaaaaaaaaaaaaaaaaaaaaaaaaaaaaaaaaaaaaaaaaaaaaaaaa`) is longer than the maximum allowed length (50).","type":"maxlength","maxlength":50,"path":"name","value":"aaaaaaaaaaaaaaaaaaaaaaaaaaaaaaaaaaaaaaaaaaaaaaaaaaa"},"kind":"maxlength","path":"name","value":"aaaaaaaaaaaaaaaaaaaaaaaaaaaaaaaaaaaaaaaaaaaaaaaaaaa"}},"_message":"Genre validation failed","name":"ValidationError","message":"Genre validation failed: name: Path `name` (`aaaaaaaaaaaaaaaaaaaaaaaaaaaaaaaaaaaaaaaaaaaaaaaaaaa`) is longer than the maximum allowed length (50)."},"level":"error","message":"Genre validation failed: name: Path `name` (`aaaaaaaaaaaaaaaaaaaaaaaaaaaaaaaaaaaaaaaaaaaaaaaaaaa`) is longer than the maximum allowed length (50)."}
{"message":"Listening on port 3000...","level":"info"}
{"message":"Connected to mongodb://localhost/vidly_tests...","level":"info"}
{"message":"Listening on port 3000...","level":"info"}
{"message":"Connected to mongodb://localhost/vidly_tests...","level":"info"}
{"message":"Listening on port 3000...","level":"info"}
{"message":"Connected to mongodb://localhost/vidly_tests...","level":"info"}
{"message":"Listening on port 3000...","level":"info"}
{"message":"Connected to mongodb://localhost/vidly_tests...","level":"info"}
{"message":"Listening on port 3000...","level":"info"}
{"message":"Connected to mongodb://localhost/vidly_tests...","level":"info"}
{"message":"Listening on port 3000...","level":"info"}
{"message":"Connected to mongodb://localhost/vidly_tests...","level":"info"}
{"message":"Listening on port 3000...","level":"info"}
{"message":"Connected to mongodb://localhost/vidly_tests...","level":"info"}
{"message":"Listening on port 3000...","level":"info"}
{"message":"Connected to mongodb://localhost/vidly_tests...","level":"info"}
{"message":"Listening on port 3000...","level":"info"}
{"message":"Connected to mongodb://localhost/vidly_tests...","level":"info"}
{"message":"Listening on port 3000...","level":"info"}
{"message":"Connected to mongodb://localhost/vidly_tests...","level":"info"}
{"message":"Listening on port 3000...","level":"info"}
{"message":"Connected to mongodb://localhost/vidly_tests...","level":"info"}
{"message":"Listening on port 3000...","level":"info"}
{"message":"Connected to mongodb://localhost/vidly_tests...","level":"info"}
{"message":"Listening on port 3000...","level":"info"}
{"message":"Connected to mongodb://localhost/vidly_tests...","level":"info"}
{"message":"Listening on port 3000...","level":"info"}
{"message":"Connected to mongodb://localhost/vidly_tests...","level":"info"}
{"message":"Listening on port 3000...","level":"info"}
{"message":"Connected to mongodb://localhost/vidly_tests...","level":"info"}
{"message":"Listening on port 3000...","level":"info"}
{"message":"Connected to mongodb://localhost/vidly_tests...","level":"info"}
{"message":"Listening on port 3000...","level":"info"}
{"message":"Connected to mongodb://localhost/vidly_tests...","level":"info"}
{"message":"Listening on port 3000...","level":"info"}
{"message":"Connected to mongodb://localhost/vidly_tests...","level":"info"}
{"message":"Listening on port 3000...","level":"info"}
{"message":"Connected to mongodb://localhost/vidly_tests...","level":"info"}
{"message":"Listening on port 3000...","level":"info"}
{"message":"Connected to mongodb://localhost/vidly_tests...","level":"info"}
{"message":"Listening on port 3000...","level":"info"}
{"message":"Connected to mongodb://localhost/vidly_tests...","level":"info"}
{"message":"Connected to mongodb://localhost/vidly_tests...","level":"info"}
{"message":"Listening on port 3000...","level":"info"}
{"message":"Listening on port 3000...","level":"info"}
{"message":"Connected to mongodb://localhost/vidly_tests...","level":"info"}
{"message":"Connected to mongodb://localhost/vidly_tests...","level":"info"}
{"message":"Listening on port 3000...","level":"info"}
{"message":"Listening on port 3000...","level":"info"}
{"message":"Connected to mongodb://localhost/vidly_tests...","level":"info"}
{"message":"Listening on port 3000...","level":"info"}
{"message":"Connected to mongodb://localhost/vidly_tests...","level":"info"}
{"message":"Listening on port 3000...","level":"info"}
{"message":"Connected to mongodb://localhost/vidly_tests...","level":"info"}
{"message":"Connected to mongodb://localhost/vidly_tests...","level":"info"}
{"message":"Listening on port 3000...","level":"info"}
{"message":"Listening on port 3000...","level":"info"}
{"message":"Connected to mongodb://localhost/vidly_tests...","level":"info"}
{"message":"Listening on port 3000...","level":"info"}
{"message":"Connected to mongodb://localhost/vidly_tests...","level":"info"}
{"message":"Listening on port 3000...","level":"info"}
{"message":"Connected to mongodb://localhost/vidly_tests...","level":"info"}
{"message":"Listening on port 3000...","level":"info"}
{"message":"Connected to mongodb://localhost/vidly_tests...","level":"info"}
{"message":"Listening on port 3000...","level":"info"}
{"message":"Connected to mongodb://localhost/vidly_tests...","level":"info"}
{"message":"Listening on port 3000...","level":"info"}
{"message":"Connected to mongodb://localhost/vidly_tests...","level":"info"}
{"message":"Listening on port 3000...","level":"info"}
{"message":"Connected to mongodb://localhost/vidly_tests...","level":"info"}
{"message":"Listening on port 3000...","level":"info"}
{"message":"Connected to mongodb://localhost/vidly_tests...","level":"info"}
{"message":"Listening on port 3000...","level":"info"}
{"message":"Connected to mongodb://localhost/vidly_tests...","level":"info"}
{"message":"Connected to mongodb://localhost/vidly_tests...","level":"info"}
{"message":"Listening on port 3000...","level":"info"}
{"message":"Listening on port 3000...","level":"info"}
{"message":"Connected to mongodb://localhost/vidly_tests...","level":"info"}
{"message":"Connected to mongodb://localhost/vidly_tests...","level":"info"}
{"message":"Listening on port 3000...","level":"info"}
{"message":"Listening on port 3000...","level":"info"}
{"message":"Connected to mongodb://localhost/vidly_tests...","level":"info"}
{"message":"Listening on port 3000...","level":"info"}
{"message":"Connected to mongodb://localhost/vidly_tests...","level":"info"}
{"message":"Listening on port 3000...","level":"info"}
{"message":"Connected to mongodb://localhost/vidly_tests...","level":"info"}
{"message":"Connected to mongodb://localhost/vidly_tests...","level":"info"}
{"message":"Listening on port 3000...","level":"info"}
{"message":"Listening on port 3000...","level":"info"}
{"message":"Connected to mongodb://localhost/vidly_tests...","level":"info"}
{"message":"Listening on port 3000...","level":"info"}
{"message":"Connected to mongodb://localhost/vidly_tests...","level":"info"}
{"message":"Listening on port 3000...","level":"info"}
{"message":"Connected to mongodb://localhost/vidly_tests...","level":"info"}
{"message":"Listening on port 3000...","level":"info"}
{"message":"Connected to mongodb://localhost/vidly_tests...","level":"info"}
{"message":"Listening on port 3000...","level":"info"}
{"message":"Connected to mongodb://localhost/vidly_tests...","level":"info"}
{"message":"Connected to mongodb://localhost/vidly_tests...","level":"info"}
{"message":"Listening on port 3000...","level":"info"}
{"meta":{"stringValue":"\"1\"","kind":"ObjectId","value":"1","path":"_id","reason":{}},"level":"error","message":"Cast to ObjectId failed for value \"1\" at path \"_id\" for model \"Genre\""}
{"meta":{"stringValue":"\"1\"","kind":"ObjectId","value":"1","path":"_id","reason":{}},"level":"error","message":"Cast to ObjectId failed for value \"1\" at path \"_id\" for model \"Genre\""}
{"message":"Listening on port 3000...","level":"info"}
{"message":"Connected to mongodb://localhost/vidly_tests...","level":"info"}
{"message":"Listening on port 3000...","level":"info"}
{"message":"Connected to mongodb://localhost/vidly_tests...","level":"info"}
{"meta":{"stringValue":"\"1\"","kind":"ObjectId","value":"1","path":"_id","reason":{}},"level":"error","message":"Cast to ObjectId failed for value \"1\" at path \"_id\" for model \"Genre\""}
{"meta":{"stringValue":"\"1\"","kind":"ObjectId","value":"1","path":"_id","reason":{}},"level":"error","message":"Cast to ObjectId failed for value \"1\" at path \"_id\" for model \"Genre\""}
{"message":"Listening on port 3000...","level":"info"}
{"message":"Connected to mongodb://localhost/vidly_tests...","level":"info"}
{"message":"Connected to mongodb://localhost/vidly_tests...","level":"info"}
{"message":"Listening on port 3000...","level":"info"}
{"meta":{"stringValue":"\"1\"","kind":"ObjectId","value":"1","path":"_id","reason":{}},"level":"error","message":"Cast to ObjectId failed for value \"1\" at path \"_id\" for model \"Genre\""}
{"message":"Listening on port 3000...","level":"info"}
{"message":"Connected to mongodb://localhost/vidly_tests...","level":"info"}
{"message":"Listening on port 3000...","level":"info"}
{"message":"Connected to mongodb://localhost/vidly_tests...","level":"info"}
{"message":"Listening on port 3000...","level":"info"}
{"message":"Connected to mongodb://localhost/vidly_tests...","level":"info"}
{"message":"Listening on port 3000...","level":"info"}
{"message":"Connected to mongodb://localhost/vidly_tests...","level":"info"}
{"message":"Listening on port 3000...","level":"info"}
{"message":"Connected to mongodb://localhost/vidly_tests...","level":"info"}
{"message":"Listening on port 3000...","level":"info"}
{"message":"Connected to mongodb://localhost/vidly_tests...","level":"info"}
{"message":"Listening on port 3000...","level":"info"}
{"message":"Connected to mongodb://localhost/vidly_tests...","level":"info"}
{"message":"Listening on port 3000...","level":"info"}
{"message":"Connected to mongodb://localhost/vidly_tests...","level":"info"}
{"message":"Listening on port 3000...","level":"info"}
{"message":"Connected to mongodb://localhost/vidly_tests...","level":"info"}
{"message":"Listening on port 3000...","level":"info"}
{"message":"Connected to mongodb://localhost/vidly_tests...","level":"info"}
{"message":"Listening on port 3000...","level":"info"}
{"message":"Connected to mongodb://localhost/vidly_tests...","level":"info"}
{"message":"Listening on port 3000...","level":"info"}
{"message":"Connected to mongodb://localhost/vidly_tests...","level":"info"}
{"message":"Listening on port 3000...","level":"info"}
{"message":"Connected to mongodb://localhost/vidly_tests...","level":"info"}
{"message":"Listening on port 3000...","level":"info"}
{"message":"Connected to mongodb://localhost/vidly_tests...","level":"info"}
{"message":"Listening on port 3000...","level":"info"}
{"message":"Connected to mongodb://localhost/vidly_tests...","level":"info"}
{"message":"Listening on port 3000...","level":"info"}
{"message":"Connected to mongodb://localhost/vidly_tests...","level":"info"}
{"message":"Listening on port 3000...","level":"info"}
{"message":"Connected to mongodb://localhost/vidly_tests...","level":"info"}
{"message":"Listening on port 3000...","level":"info"}
{"message":"Connected to mongodb://localhost/vidly_tests...","level":"info"}
{"message":"Listening on port 3000...","level":"info"}
{"message":"Connected to mongodb://localhost/vidly_tests...","level":"info"}
{"message":"Listening on port 3000...","level":"info"}
{"message":"Connected to mongodb://localhost/vidly_tests...","level":"info"}
{"message":"Listening on port 3000...","level":"info"}
{"message":"Connected to mongodb://localhost/vidly_tests...","level":"info"}
{"message":"Listening on port 3000...","level":"info"}
{"message":"Connected to mongodb://localhost/vidly_tests...","level":"info"}
{"message":"Listening on port 3000...","level":"info"}
{"message":"Connected to mongodb://localhost/vidly_tests...","level":"info"}
{"message":"Listening on port 3000...","level":"info"}
{"message":"Connected to mongodb://localhost/vidly_tests...","level":"info"}
{"message":"Listening on port 3000...","level":"info"}
{"message":"Connected to mongodb://localhost/vidly_tests...","level":"info"}
{"message":"Listening on port 3000...","level":"info"}
{"message":"Connected to mongodb://localhost/vidly_tests...","level":"info"}
{"message":"Listening on port 3000...","level":"info"}
{"message":"Connected to mongodb://localhost/vidly_tests...","level":"info"}
{"message":"Listening on port 3000...","level":"info"}
{"message":"Connected to mongodb://localhost/vidly_tests...","level":"info"}
{"message":"Connected to mongodb://localhost/vidly_tests...","level":"info"}
{"message":"Listening on port 3000...","level":"info"}
{"message":"Listening on port 3000...","level":"info"}
{"message":"Connected to mongodb://localhost/vidly_tests...","level":"info"}
{"message":"Listening on port 3000...","level":"info"}
{"message":"Connected to mongodb://localhost/vidly_tests...","level":"info"}
{"message":"Listening on port 3000...","level":"info"}
{"message":"Connected to mongodb://localhost/vidly_tests...","level":"info"}
{"message":"Listening on port 3000...","level":"info"}
{"message":"Connected to mongodb://localhost/vidly_tests...","level":"info"}
{"message":"Listening on port 3000...","level":"info"}
{"message":"Connected to mongodb://localhost/vidly_tests...","level":"info"}
{"message":"Connected to mongodb://localhost/vidly_tests...","level":"info"}
{"message":"Listening on port 3000...","level":"info"}
{"message":"Listening on port 3000...","level":"info"}
{"message":"Connected to mongodb://localhost/vidly_tests...","level":"info"}
{"message":"Listening on port 3000...","level":"info"}
{"message":"Connected to mongodb://localhost/vidly_tests...","level":"info"}
{"message":"Connected to mongodb://localhost/vidly_tests...","level":"info"}
{"message":"Listening on port 3000...","level":"info"}
{"message":"Listening on port 3000...","level":"info"}
{"message":"Connected to mongodb://localhost/vidly_tests...","level":"info"}
{"message":"Listening on port 3000...","level":"info"}
{"message":"Connected to mongodb://localhost/vidly_tests...","level":"info"}
{"message":"Listening on port 3000...","level":"info"}
{"message":"Connected to mongodb://localhost/vidly_tests...","level":"info"}
{"message":"Listening on port 3000...","level":"info"}
{"message":"Connected to mongodb://localhost/vidly_tests...","level":"info"}
{"message":"Listening on port 3000...","level":"info"}
{"message":"Connected to mongodb://localhost/vidly_tests...","level":"info"}
{"message":"Listening on port 3000...","level":"info"}
{"message":"Connected to mongodb://localhost/vidly_tests...","level":"info"}
{"message":"Listening on port 3000...","level":"info"}
{"message":"Connected to mongodb://localhost/vidly_tests...","level":"info"}
{"message":"Listening on port 3000...","level":"info"}
{"message":"Connected to mongodb://localhost/vidly_tests...","level":"info"}
{"message":"Listening on port 3000...","level":"info"}
{"message":"Connected to mongodb://localhost/vidly_tests...","level":"info"}
{"message":"Listening on port 3000...","level":"info"}
{"message":"Connected to mongodb://localhost/vidly_tests...","level":"info"}
{"message":"Listening on port 3000...","level":"info"}
{"message":"Connected to mongodb://localhost/vidly_tests...","level":"info"}
{"message":"Listening on port 3000...","level":"info"}
{"message":"Connected to mongodb://localhost/vidly_tests...","level":"info"}
{"message":"Listening on port 3000...","level":"info"}
{"message":"Connected to mongodb://localhost/vidly_tests...","level":"info"}
{"message":"Listening on port 3000...","level":"info"}
{"message":"Connected to mongodb://localhost/vidly_tests...","level":"info"}
{"message":"Connected to mongodb://localhost/vidly_tests...","level":"info"}
{"message":"Listening on port 3000...","level":"info"}
{"message":"Listening on port 3000...","level":"info"}
{"message":"Connected to mongodb://localhost/vidly_tests...","level":"info"}
{"message":"Listening on port 3000...","level":"info"}
{"message":"Connected to mongodb://localhost/vidly_tests...","level":"info"}
{"message":"Connected to mongodb://localhost/vidly_tests...","level":"info"}
{"message":"Listening on port 3000...","level":"info"}
{"message":"Listening on port 3000...","level":"info"}
{"message":"Connected to mongodb://localhost/vidly_tests...","level":"info"}
{"message":"Listening on port 3000...","level":"info"}
{"message":"Connected to mongodb://localhost/vidly_tests...","level":"info"}
{"message":"Connected to mongodb://localhost/vidly_tests...","level":"info"}
{"message":"Listening on port 3000...","level":"info"}
{"message":"Listening on port 3000...","level":"info"}
{"message":"Connected to mongodb://localhost/vidly_tests...","level":"info"}
{"message":"Listening on port 3000...","level":"info"}
{"message":"Connected to mongodb://localhost/vidly_tests...","level":"info"}
{"message":"Connected to mongodb://localhost/vidly_tests...","level":"info"}
{"message":"Listening on port 3000...","level":"info"}
{"message":"Listening on port 3000...","level":"info"}
{"message":"Connected to mongodb://localhost/vidly_tests...","level":"info"}
{"message":"Listening on port 3000...","level":"info"}
{"message":"Connected to mongodb://localhost/vidly_tests...","level":"info"}
{"message":"Connected to mongodb://localhost/vidly_tests...","level":"info"}
{"message":"Listening on port 3000...","level":"info"}
{"message":"Listening on port 3000...","level":"info"}
{"message":"Connected to mongodb://localhost/vidly_tests...","level":"info"}
{"message":"Listening on port 3000...","level":"info"}
{"message":"Connected to mongodb://localhost/vidly_tests...","level":"info"}
{"message":"Connected to mongodb://localhost/vidly_tests...","level":"info"}
{"message":"Listening on port 3000...","level":"info"}
{"message":"Listening on port 3000...","level":"info"}
{"message":"Connected to mongodb://localhost/vidly_tests...","level":"info"}
{"message":"Listening on port 3000...","level":"info"}
{"message":"Connected to mongodb://localhost/vidly_tests...","level":"info"}
{"message":"Connected to mongodb://localhost/vidly_tests...","level":"info"}
{"message":"Listening on port 3000...","level":"info"}
{"message":"Listening on port 3000...","level":"info"}
{"message":"Connected to mongodb://localhost/vidly_tests...","level":"info"}
{"message":"Listening on port 3000...","level":"info"}
{"message":"Connected to mongodb://localhost/vidly_tests...","level":"info"}
{"message":"Listening on port 3000...","level":"info"}
{"message":"Connected to mongodb://localhost/vidly_tests...","level":"info"}
{"message":"Listening on port 3000...","level":"info"}
{"message":"Connected to mongodb://localhost/vidly_tests...","level":"info"}
{"message":"Listening on port 3000...","level":"info"}
{"message":"Connected to mongodb://localhost/vidly_tests...","level":"info"}
{"message":"Listening on port 3000...","level":"info"}
{"message":"Connected to mongodb://localhost/vidly_tests...","level":"info"}
{"message":"Listening on port 3000...","level":"info"}
{"message":"Connected to mongodb://localhost/vidly_tests...","level":"info"}
{"message":"Listening on port 3000...","level":"info"}
{"message":"Connected to mongodb://localhost/vidly_tests...","level":"info"}
{"message":"Connected to mongodb://localhost/vidly_tests...","level":"info"}
{"message":"Listening on port 3000...","level":"info"}
{"message":"Listening on port 3000...","level":"info"}
{"message":"Connected to mongodb://localhost/vidly_tests...","level":"info"}
{"message":"Listening on port 3000...","level":"info"}
{"message":"Connected to mongodb://localhost/vidly_tests...","level":"info"}
{"message":"Listening on port 3000...","level":"info"}
{"message":"Connected to mongodb://localhost/vidly_tests...","level":"info"}
{"message":"Listening on port 3000...","level":"info"}
{"message":"Connected to mongodb://localhost/vidly_tests...","level":"info"}
{"message":"Listening on port 3000...","level":"info"}
{"message":"Connected to mongodb://localhost/vidly_tests...","level":"info"}
{"message":"Connected to mongodb://localhost/vidly_tests...","level":"info"}
{"message":"Listening on port 3000...","level":"info"}
{"message":"Listening on port 3000...","level":"info"}
{"message":"Connected to mongodb://localhost/vidly_tests...","level":"info"}
{"message":"Listening on port 3000...","level":"info"}
{"message":"Connected to mongodb://localhost/vidly_tests...","level":"info"}
{"message":"Listening on port 3000...","level":"info"}
{"message":"Connected to mongodb://localhost/vidly_tests...","level":"info"}
{"message":"Listening on port 3000...","level":"info"}
{"message":"Connected to mongodb://localhost/vidly_tests...","level":"info"}
{"message":"Listening on port 3000...","level":"info"}
{"message":"Connected to mongodb://localhost/vidly_tests...","level":"info"}
{"message":"Connected to mongodb://localhost/vidly_tests...","level":"info"}
{"message":"Listening on port 3000...","level":"info"}
{"message":"Listening on port 3000...","level":"info"}
{"message":"Connected to mongodb://localhost/vidly_tests...","level":"info"}
{"message":"Listening on port 3000...","level":"info"}
{"message":"Connected to mongodb://localhost/vidly_tests...","level":"info"}
{"message":"Connected to mongodb://localhost/vidly_tests...","level":"info"}
{"message":"Listening on port 3000...","level":"info"}
{"message":"Listening on port 3000...","level":"info"}
{"message":"Connected to mongodb://localhost/vidly_tests...","level":"info"}
{"message":"Listening on port 3000...","level":"info"}
{"message":"Connected to mongodb://localhost/vidly_tests...","level":"info"}
{"message":"Listening on port 3000...","level":"info"}
{"message":"Connected to mongodb://localhost/vidly_tests...","level":"info"}
{"message":"Listening on port 3000...","level":"info"}
{"message":"Connected to mongodb://localhost/vidly_tests...","level":"info"}
{"message":"Listening on port 3000...","level":"info"}
{"message":"Connected to mongodb://localhost/vidly_tests...","level":"info"}
{"message":"Connected to mongodb://localhost/vidly_tests...","level":"info"}
{"message":"Listening on port 3000...","level":"info"}
{"message":"Listening on port 3000...","level":"info"}
{"message":"Connected to mongodb://localhost/vidly_tests...","level":"info"}
{"message":"Listening on port 3000...","level":"info"}
{"message":"Connected to mongodb://localhost/vidly_tests...","level":"info"}
{"message":"Connected to mongodb://localhost/vidly_tests...","level":"info"}
{"message":"Listening on port 3000...","level":"info"}
{"message":"Listening on port 3000...","level":"info"}
{"message":"Connected to mongodb://localhost/vidly_tests...","level":"info"}
{"message":"Listening on port 3000...","level":"info"}
{"message":"Connected to mongodb://localhost/vidly_tests...","level":"info"}
{"message":"Listening on port 3000...","level":"info"}
{"message":"Connected to mongodb://localhost/vidly_tests...","level":"info"}
{"message":"Listening on port 3000...","level":"info"}
{"message":"Connected to mongodb://localhost/vidly_tests...","level":"info"}
{"message":"Listening on port 3000...","level":"info"}
{"message":"Connected to mongodb://localhost/vidly_tests...","level":"info"}
{"message":"Connected to mongodb://localhost/vidly_tests...","level":"info"}
{"message":"Listening on port 3000...","level":"info"}
{"message":"Listening on port 3000...","level":"info"}
{"message":"Connected to mongodb://localhost/vidly_tests...","level":"info"}
{"message":"Listening on port 3000...","level":"info"}
{"message":"Connected to mongodb://localhost/vidly_tests...","level":"info"}
{"message":"Connected to mongodb://localhost/vidly_tests...","level":"info"}
{"message":"Listening on port 3000...","level":"info"}
{"message":"Listening on port 3000...","level":"info"}
{"message":"Connected to mongodb://localhost/vidly_tests...","level":"info"}
{"message":"Listening on port 3000...","level":"info"}
{"message":"Connected to mongodb://localhost/vidly_tests...","level":"info"}
{"message":"Listening on port 3000...","level":"info"}
{"message":"Connected to mongodb://localhost/vidly_tests...","level":"info"}
{"message":"Listening on port 3000...","level":"info"}
{"message":"Connected to mongodb://localhost/vidly_tests...","level":"info"}
{"message":"Listening on port 3000...","level":"info"}
{"message":"Connected to mongodb://localhost/vidly_tests...","level":"info"}
{"message":"Connected to mongodb://localhost/vidly_tests...","level":"info"}
{"message":"Listening on port 3000...","level":"info"}
{"message":"Listening on port 3000...","level":"info"}
{"message":"Connected to mongodb://localhost/vidly_tests...","level":"info"}
{"message":"Listening on port 3000...","level":"info"}
{"message":"Connected to mongodb://localhost/vidly_tests...","level":"info"}
{"message":"Listening on port 3000...","level":"info"}
{"message":"Connected to mongodb://localhost/vidly_tests...","level":"info"}
{"message":"Listening on port 3000...","level":"info"}
{"message":"Connected to mongodb://localhost/vidly_tests...","level":"info"}
{"message":"Listening on port 3000...","level":"info"}
{"message":"Connected to mongodb://localhost/vidly_tests...","level":"info"}
{"message":"Listening on port 3000...","level":"info"}
{"message":"Connected to mongodb://localhost/vidly_tests...","level":"info"}
{"message":"Listening on port 3000...","level":"info"}
{"message":"Connected to mongodb://localhost/vidly_tests...","level":"info"}
{"message":"Listening on port 3000...","level":"info"}
{"message":"Connected to mongodb://localhost/vidly_tests...","level":"info"}
{"message":"Listening on port 3000...","level":"info"}
{"message":"Connected to mongodb://localhost/vidly_tests...","level":"info"}
{"message":"Listening on port 3000...","level":"info"}
{"message":"Connected to mongodb://localhost/vidly_tests...","level":"info"}
{"message":"Listening on port 3000...","level":"info"}
{"message":"Connected to mongodb://localhost/vidly_tests...","level":"info"}
{"message":"Listening on port 3000...","level":"info"}
{"message":"Connected to mongodb://localhost/vidly_tests...","level":"info"}
{"message":"Listening on port 3000...","level":"info"}
{"message":"Connected to mongodb://localhost/vidly_tests...","level":"info"}
{"message":"Listening on port 3000...","level":"info"}
{"message":"Connected to mongodb://localhost/vidly_tests...","level":"info"}
{"message":"Listening on port 3000...","level":"info"}
{"message":"Connected to mongodb://localhost/vidly_tests...","level":"info"}
{"message":"Listening on port 3000...","level":"info"}
{"message":"Connected to mongodb://localhost/vidly_tests...","level":"info"}
{"message":"Listening on port 3000...","level":"info"}
{"message":"Connected to mongodb://localhost/vidly_tests...","level":"info"}
{"message":"Listening on port 3000...","level":"info"}
{"message":"Connected to mongodb://localhost/vidly_tests...","level":"info"}
{"message":"Listening on port 3000...","level":"info"}
{"message":"Connected to mongodb://localhost/vidly_tests...","level":"info"}
{"message":"Listening on port 3000...","level":"info"}
{"message":"Connected to mongodb://localhost/vidly_tests...","level":"info"}
{"message":"Connected to mongodb://localhost/vidly_tests...","level":"info"}
{"message":"Listening on port 3000...","level":"info"}
{"meta":{},"level":"error","message":"Joi.objectID is not a function"}
{"meta":{},"level":"error","message":"Joi.objectID is not a function"}
{"meta":{},"level":"error","message":"Joi.objectID is not a function"}
{"meta":{},"level":"error","message":"Joi.objectID is not a function"}
{"meta":{},"level":"error","message":"Joi.objectID is not a function"}
{"meta":{},"level":"error","message":"Joi.objectID is not a function"}
{"meta":{},"level":"error","message":"Joi.objectID is not a function"}
{"meta":{},"level":"error","message":"Joi.objectID is not a function"}
{"meta":{},"level":"error","message":"Joi.objectID is not a function"}
{"message":"Listening on port 3000...","level":"info"}
{"message":"Connected to mongodb://localhost/vidly_tests...","level":"info"}
{"message":"Listening on port 3000...","level":"info"}
{"message":"Connected to mongodb://localhost/vidly_tests...","level":"info"}
{"message":"Connected to mongodb://localhost/vidly_tests...","level":"info"}
{"message":"Listening on port 3000...","level":"info"}
{"meta":{},"level":"error","message":"Joi.objectID is not a function"}
{"meta":{},"level":"error","message":"Joi.objectID is not a function"}
{"meta":{},"level":"error","message":"Joi.objectID is not a function"}
{"meta":{},"level":"error","message":"Joi.objectID is not a function"}
{"meta":{},"level":"error","message":"Joi.objectID is not a function"}
{"meta":{},"level":"error","message":"Joi.objectID is not a function"}
{"meta":{},"level":"error","message":"Joi.objectID is not a function"}
{"meta":{},"level":"error","message":"Joi.objectID is not a function"}
{"meta":{},"level":"error","message":"Joi.objectID is not a function"}
{"message":"Listening on port 3000...","level":"info"}
{"message":"Connected to mongodb://localhost/vidly_tests...","level":"info"}
{"message":"Listening on port 3000...","level":"info"}
{"message":"Connected to mongodb://localhost/vidly_tests...","level":"info"}
{"message":"Connected to mongodb://localhost/vidly_tests...","level":"info"}
{"message":"Listening on port 3000...","level":"info"}
{"meta":{},"level":"error","message":"Joi.objectID is not a function"}
{"meta":{},"level":"error","message":"Joi.objectID is not a function"}
{"meta":{},"level":"error","message":"Joi.objectID is not a function"}
{"meta":{},"level":"error","message":"Joi.objectID is not a function"}
{"meta":{},"level":"error","message":"Joi.objectID is not a function"}
{"meta":{},"level":"error","message":"Joi.objectID is not a function"}
{"meta":{},"level":"error","message":"Joi.objectID is not a function"}
{"meta":{},"level":"error","message":"Joi.objectID is not a function"}
{"meta":{},"level":"error","message":"Joi.objectID is not a function"}
{"message":"Listening on port 3000...","level":"info"}
{"message":"Connected to mongodb://localhost/vidly_tests...","level":"info"}
{"message":"Listening on port 3000...","level":"info"}
{"message":"Connected to mongodb://localhost/vidly_tests...","level":"info"}
{"meta":{},"level":"error","message":"Joi.objectID is not a function"}
{"message":"Connected to mongodb://localhost/vidly_tests...","level":"info"}
{"meta":{},"level":"error","message":"Joi.objectID is not a function"}
{"message":"Listening on port 3000...","level":"info"}
{"meta":{},"level":"error","message":"Joi.objectID is not a function"}
{"meta":{},"level":"error","message":"Joi.objectID is not a function"}
{"meta":{},"level":"error","message":"Joi.objectID is not a function"}
{"meta":{},"level":"error","message":"Joi.objectID is not a function"}
{"meta":{},"level":"error","message":"Joi.objectID is not a function"}
{"meta":{},"level":"error","message":"Joi.objectID is not a function"}
{"meta":{},"level":"error","message":"Joi.objectID is not a function"}
{"message":"Listening on port 3000...","level":"info"}
{"message":"Connected to mongodb://localhost/vidly_tests...","level":"info"}
{"message":"Listening on port 3000...","level":"info"}
{"message":"Connected to mongodb://localhost/vidly_tests...","level":"info"}
{"message":"Connected to mongodb://localhost/vidly_tests...","level":"info"}
{"message":"Listening on port 3000...","level":"info"}
{"meta":{},"level":"error","message":"Joi.objectID is not a function"}
{"meta":{},"level":"error","message":"Joi.objectID is not a function"}
{"meta":{},"level":"error","message":"Joi.objectID is not a function"}
{"meta":{},"level":"error","message":"Joi.objectID is not a function"}
{"meta":{},"level":"error","message":"Joi.objectID is not a function"}
{"meta":{},"level":"error","message":"Joi.objectID is not a function"}
{"meta":{},"level":"error","message":"Joi.objectID is not a function"}
{"meta":{},"level":"error","message":"Joi.objectID is not a function"}
{"meta":{},"level":"error","message":"Joi.objectID is not a function"}
{"message":"Listening on port 3000...","level":"info"}
{"message":"Connected to mongodb://localhost/vidly_tests...","level":"info"}
{"message":"Listening on port 3000...","level":"info"}
{"message":"Connected to mongodb://localhost/vidly_tests...","level":"info"}
{"message":"Connected to mongodb://localhost/vidly_tests...","level":"info"}
{"message":"Listening on port 3000...","level":"info"}
{"meta":{},"level":"error","message":"Joi.objectID is not a function"}
{"meta":{},"level":"error","message":"Joi.objectID is not a function"}
{"meta":{},"level":"error","message":"Joi.objectID is not a function"}
{"meta":{},"level":"error","message":"Joi.objectID is not a function"}
{"meta":{},"level":"error","message":"Joi.objectID is not a function"}
{"meta":{},"level":"error","message":"Joi.objectID is not a function"}
{"meta":{},"level":"error","message":"Joi.objectID is not a function"}
{"meta":{},"level":"error","message":"Joi.objectID is not a function"}
{"meta":{},"level":"error","message":"Joi.objectID is not a function"}
{"message":"Listening on port 3000...","level":"info"}
{"message":"Connected to mongodb://localhost/vidly_tests...","level":"info"}
{"message":"Listening on port 3000...","level":"info"}
{"message":"Connected to mongodb://localhost/vidly_tests...","level":"info"}
{"message":"Connected to mongodb://localhost/vidly_tests...","level":"info"}
{"message":"Listening on port 3000...","level":"info"}
{"meta":{},"level":"error","message":"Joi.objectID is not a function"}
{"meta":{},"level":"error","message":"Joi.objectID is not a function"}
{"meta":{},"level":"error","message":"Joi.objectID is not a function"}
{"meta":{},"level":"error","message":"Joi.objectID is not a function"}
{"meta":{},"level":"error","message":"Joi.objectID is not a function"}
{"meta":{},"level":"error","message":"Joi.objectID is not a function"}
{"meta":{},"level":"error","message":"Joi.objectID is not a function"}
{"meta":{},"level":"error","message":"Joi.objectID is not a function"}
{"meta":{},"level":"error","message":"Joi.objectID is not a function"}
{"message":"Listening on port 3000...","level":"info"}
{"message":"Connected to mongodb://localhost/vidly_tests...","level":"info"}
{"message":"Listening on port 3000...","level":"info"}
{"message":"Connected to mongodb://localhost/vidly_tests...","level":"info"}
{"message":"Connected to mongodb://localhost/vidly_tests...","level":"info"}
{"message":"Listening on port 3000...","level":"info"}
{"meta":{},"level":"error","message":"Joi.objectID is not a function"}
{"meta":{},"level":"error","message":"Joi.objectID is not a function"}
{"meta":{},"level":"error","message":"Joi.objectID is not a function"}
{"meta":{},"level":"error","message":"Joi.objectID is not a function"}
{"meta":{},"level":"error","message":"Joi.objectID is not a function"}
{"meta":{},"level":"error","message":"Joi.objectID is not a function"}
{"meta":{},"level":"error","message":"Joi.objectID is not a function"}
{"meta":{},"level":"error","message":"Joi.objectID is not a function"}
{"meta":{},"level":"error","message":"Joi.objectID is not a function"}
{"message":"Listening on port 3000...","level":"info"}
{"message":"Connected to mongodb://localhost/vidly_tests...","level":"info"}
{"message":"Listening on port 3000...","level":"info"}
{"message":"Connected to mongodb://localhost/vidly_tests...","level":"info"}
{"message":"Connected to mongodb://localhost/vidly_tests...","level":"info"}
{"message":"Listening on port 3000...","level":"info"}
{"meta":{},"level":"error","message":"Joi.objectID is not a function"}
{"meta":{},"level":"error","message":"Joi.objectID is not a function"}
{"meta":{},"level":"error","message":"Joi.objectID is not a function"}
{"meta":{},"level":"error","message":"Joi.objectID is not a function"}
{"meta":{},"level":"error","message":"Joi.objectID is not a function"}
{"meta":{},"level":"error","message":"Joi.objectID is not a function"}
{"meta":{},"level":"error","message":"Joi.objectID is not a function"}
{"meta":{},"level":"error","message":"Joi.objectID is not a function"}
{"meta":{},"level":"error","message":"Joi.objectID is not a function"}
{"message":"Listening on port 3000...","level":"info"}
{"message":"Connected to mongodb://localhost/vidly_tests...","level":"info"}
{"message":"Listening on port 3000...","level":"info"}
{"message":"Connected to mongodb://localhost/vidly_tests...","level":"info"}
{"message":"Connected to mongodb://localhost/vidly_tests...","level":"info"}
{"message":"Listening on port 3000...","level":"info"}
{"message":"Listening on port 3000...","level":"info"}
{"message":"Connected to mongodb://localhost/vidly_tests...","level":"info"}
{"message":"Listening on port 3000...","level":"info"}
{"message":"Connected to mongodb://localhost/vidly_tests...","level":"info"}
{"message":"Listening on port 3000...","level":"info"}
{"message":"Connected to mongodb://localhost/vidly_tests...","level":"info"}
{"message":"Listening on port 3000...","level":"info"}
{"message":"Connected to mongodb://localhost/vidly_tests...","level":"info"}
{"message":"Listening on port 3000...","level":"info"}
{"message":"Connected to mongodb://localhost/vidly_tests...","level":"info"}
{"message":"Connected to mongodb://localhost/vidly_tests...","level":"info"}
{"message":"Listening on port 3000...","level":"info"}
{"message":"Listening on port 3000...","level":"info"}
{"message":"Connected to mongodb://localhost/vidly_tests...","level":"info"}
{"message":"Listening on port 3000...","level":"info"}
{"message":"Connected to mongodb://localhost/vidly_tests...","level":"info"}
{"message":"Listening on port 3000...","level":"info"}
{"message":"Connected to mongodb://localhost/vidly_tests...","level":"info"}
{"message":"Listening on port 3000...","level":"info"}
{"message":"Connected to mongodb://localhost/vidly_tests...","level":"info"}
{"message":"Listening on port 3000...","level":"info"}
{"message":"Connected to mongodb://localhost/vidly_tests...","level":"info"}
{"message":"Listening on port 3000...","level":"info"}
{"message":"Connected to mongodb://localhost/vidly_tests...","level":"info"}
{"message":"Listening on port 3000...","level":"info"}
{"message":"Connected to mongodb://localhost/vidly_tests...","level":"info"}
{"message":"Listening on port 3000...","level":"info"}
{"message":"Connected to mongodb://localhost/vidly_tests...","level":"info"}
{"message":"Connected to mongodb://localhost/vidly_tests...","level":"info"}
{"message":"Listening on port 3000...","level":"info"}
{"message":"Listening on port 3000...","level":"info"}
{"message":"Connected to mongodb://localhost/vidly_tests...","level":"info"}
{"message":"Listening on port 3000...","level":"info"}
{"message":"Connected to mongodb://localhost/vidly_tests...","level":"info"}
{"meta":{},"level":"error","message":"req is not defined"}
{"meta":{},"level":"error","message":"req is not defined"}
{"meta":{},"level":"error","message":"req is not defined"}
{"message":"Listening on port 3000...","level":"info"}
{"message":"Connected to mongodb://localhost/vidly_tests...","level":"info"}
{"meta":{},"level":"error","message":"req is not defined"}
{"meta":{},"level":"error","message":"req is not defined"}
{"meta":{},"level":"error","message":"req is not defined"}
{"meta":{},"level":"error","message":"req is not defined"}
{"message":"Listening on port 3000...","level":"info"}
{"message":"Connected to mongodb://localhost/vidly_tests...","level":"info"}
{"message":"Listening on port 3000...","level":"info"}
{"message":"Connected to mongodb://localhost/vidly_tests...","level":"info"}
{"message":"Listening on port 3000...","level":"info"}
{"message":"Connected to mongodb://localhost/vidly_tests...","level":"info"}
{"message":"Listening on port 3000...","level":"info"}
{"message":"Connected to mongodb://localhost/vidly_tests...","level":"info"}
{"message":"Listening on port 3000...","level":"info"}
{"message":"Connected to mongodb://localhost/vidly_tests...","level":"info"}
{"message":"Connected to mongodb://localhost/vidly_tests...","level":"info"}
{"message":"Listening on port 3000...","level":"info"}
{"meta":{},"level":"error","message":"moment is not defined"}
{"meta":{},"level":"error","message":"moment is not defined"}
{"meta":{},"level":"error","message":"moment is not defined"}
{"meta":{},"level":"error","message":"moment is not defined"}
{"meta":{},"level":"error","message":"moment is not defined"}
{"message":"Listening on port 3000...","level":"info"}
{"message":"Connected to mongodb://localhost/vidly_tests...","level":"info"}
{"message":"Listening on port 3000...","level":"info"}
{"message":"Connected to mongodb://localhost/vidly_tests...","level":"info"}
{"message":"Connected to mongodb://localhost/vidly_tests...","level":"info"}
{"message":"Listening on port 3000...","level":"info"}
{"message":"Listening on port 3000...","level":"info"}
{"message":"Connected to mongodb://localhost/vidly_tests...","level":"info"}
{"message":"Listening on port 3000...","level":"info"}
{"message":"Connected to mongodb://localhost/vidly_tests...","level":"info"}
{"message":"Listening on port 3000...","level":"info"}
{"message":"Connected to mongodb://localhost/vidly_tests...","level":"info"}
{"message":"Listening on port 3000...","level":"info"}
{"message":"Connected to mongodb://localhost/vidly_tests...","level":"info"}
{"message":"Listening on port 3000...","level":"info"}
{"message":"Connected to mongodb://localhost/vidly_tests...","level":"info"}
{"message":"Connected to mongodb://localhost/vidly_tests...","level":"info"}
{"message":"Listening on port 3000...","level":"info"}
{"message":"Listening on port 3000...","level":"info"}
{"message":"Connected to mongodb://localhost/vidly_tests...","level":"info"}
{"message":"Listening on port 3000...","level":"info"}
{"message":"Connected to mongodb://localhost/vidly_tests...","level":"info"}
{"message":"Connected to mongodb://localhost/vidly_tests...","level":"info"}
{"message":"Listening on port 3000...","level":"info"}
{"message":"Listening on port 3000...","level":"info"}
{"message":"Connected to mongodb://localhost/vidly_tests...","level":"info"}
{"message":"Listening on port 3000...","level":"info"}
{"message":"Connected to mongodb://localhost/vidly_tests...","level":"info"}
{"message":"Connected to mongodb://localhost/vidly_tests...","level":"info"}
{"message":"Listening on port 3000...","level":"info"}
{"message":"Listening on port 3000...","level":"info"}
{"message":"Connected to mongodb://localhost/vidly_tests...","level":"info"}
{"message":"Listening on port 3000...","level":"info"}
{"message":"Connected to mongodb://localhost/vidly_tests...","level":"info"}
{"message":"Listening on port 3000...","level":"info"}
{"message":"Connected to mongodb://localhost/vidly_tests...","level":"info"}
{"message":"Listening on port 3000...","level":"info"}
{"message":"Connected to mongodb://localhost/vidly_tests...","level":"info"}
{"message":"Listening on port 3000...","level":"info"}
{"message":"Connected to mongodb://localhost/vidly...","level":"info"}
